TN:
SF:src/js/buildMarkUpCard.js
FN:3,buildMarkUpCard
FNF:1
FNH:1
FNDA:5,buildMarkUpCard
DA:1,1
DA:2,1
DA:3,1
DA:4,5
DA:5,5
DA:6,5
DA:7,5
DA:8,5
DA:9,5
DA:10,5
DA:11,5
DA:12,5
DA:13,5
DA:14,5
DA:15,5
LF:15
LH:15
BRDA:3,0,0,5
BRF:1
BRH:1
end_of_record
TN:
SF:src/js/connectToLocalStorage.js
FN:10,setToLocalStorage
FN:30,connectToLocalStorage
FN:38,createCitiesList
FN:53,getFromLocalStorage
FNF:4
FNH:1
FNDA:0,setToLocalStorage
FNDA:2,connectToLocalStorage
FNDA:0,createCitiesList
FNDA:0,getFromLocalStorage
DA:1,1
DA:2,1
DA:3,1
DA:4,1
DA:5,1
DA:6,1
DA:7,1
DA:8,1
DA:9,1
DA:10,1
DA:11,0
DA:12,0
DA:13,0
DA:14,0
DA:15,0
DA:16,0
DA:17,0
DA:18,0
DA:19,0
DA:20,0
DA:21,0
DA:22,0
DA:23,0
DA:24,0
DA:25,0
DA:26,0
DA:27,1
DA:28,1
DA:29,1
DA:30,1
DA:31,2
DA:32,2
DA:33,2
DA:34,2
DA:35,1
DA:36,1
DA:37,1
DA:38,1
DA:39,0
DA:40,0
DA:41,0
DA:42,0
DA:43,0
DA:44,0
DA:45,0
DA:46,0
DA:47,0
DA:48,0
DA:49,1
DA:50,1
DA:51,1
DA:52,1
DA:53,1
DA:54,0
DA:55,0
DA:56,0
LF:56
LH:27
BRDA:30,0,0,2
BRF:1
BRH:1
end_of_record
TN:
SF:src/js/getCity.js
FN:15,getCity
FNF:1
FNH:1
FNDA:1,getCity
DA:1,1
DA:2,1
DA:3,1
DA:4,1
DA:5,1
DA:6,1
DA:7,1
DA:8,1
DA:9,1
DA:10,1
DA:11,1
DA:12,1
DA:13,1
DA:14,1
DA:15,1
DA:16,1
DA:17,1
DA:18,1
DA:19,1
DA:20,1
DA:21,0
DA:22,0
DA:23,0
DA:24,0
DA:25,0
DA:26,0
DA:27,0
DA:28,0
DA:29,0
DA:30,0
DA:31,0
DA:32,0
DA:33,0
LF:33
LH:20
BRDA:15,0,0,1
BRDA:20,1,0,0
BRF:2
BRH:1
end_of_record
TN:
SF:src/js/getMap.js
FN:3,getMap
FNF:1
FNH:0
FNDA:0,getMap
DA:1,1
DA:2,1
DA:3,1
DA:4,0
DA:5,0
DA:6,0
DA:7,0
DA:8,0
DA:9,0
DA:10,0
DA:11,0
DA:12,0
DA:13,0
LF:13
LH:3
BRF:0
BRH:0
end_of_record
